<?xml version="1.0" encoding="UTF-8"?>
<!-- Generated by org.testng.reporters.JUnitXMLReporter -->
<testsuite ignored="4" hostname="DESKTOP-ILARKNK" failures="0" tests="4" name="Default test" time="0.13" errors="0" timestamp="19 Sep 2024 10:25:02 GMT">
  <testcase classname="testng.CardTest" name="TC01_CreditCardTest" time="0.036"/>
  <testcase classname="testng.LoanTest" name="TC00_PersonalLoanTest" time="0.005"/>
  <testcase classname="testng.LoanTest" name="TC01_HomeLoanTest" time="0.003"/>
  <testcase classname="testng.LoanTest" name="TC02_CarLoanTest" time="0.003"/>
  <testcase classname="testng.BaseClass" name="@AfterTest Method4" time="0.0">
    <ignored/>
  </testcase> <!-- @AfterTest Method4 -->
  <testcase classname="testng.LoanTest" name="@AfterTest Method4" time="0.0">
    <ignored/>
  </testcase> <!-- @AfterTest Method4 -->
  <testcase classname="testng.LoanTest" name="@BeforeTest Method3" time="0.0">
    <ignored/>
  </testcase> <!-- @BeforeTest Method3 -->
  <testcase classname="testng.BaseClass" name="@BeforeTest Method3" time="0.0">
    <ignored/>
  </testcase> <!-- @BeforeTest Method3 -->
</testsuite> <!-- Default test -->
