<?xml version="1.0" encoding="UTF-8"?>
<!-- Generated by org.testng.reporters.JUnitXMLReporter -->
<testsuite ignored="3" hostname="DESKTOP-ILARKNK" failures="0" tests="1" name="Test" time="0.07" errors="0" timestamp="19 Sep 2024 11:41:30 GMT">
  <testcase classname="testng.CardTest" name="TC01_CreditCardTest" time="0.024"/>
  <testcase classname="testng.LoanTest" name="TC01_HomeLoanTest" time="0.0">
    <ignored/>
  </testcase> <!-- TC01_HomeLoanTest -->
  <testcase classname="testng.LoanTest" name="TC02_CarLoanTest" time="0.0">
    <ignored/>
  </testcase> <!-- TC02_CarLoanTest -->
  <testcase classname="testng.LoanTest" name="TC00_PersonalLoanTest" time="0.0">
    <ignored/>
  </testcase> <!-- TC00_PersonalLoanTest -->
</testsuite> <!-- Test -->
