<?xml version="1.0" encoding="UTF-8"?>
<testng-results ignored="3" total="4" passed="1" failed="0" skipped="0">
  <reporter-output>
  </reporter-output>
  <suite started-at="2024-09-19T11:41:30Z" name="Suite" finished-at="2024-09-19T11:41:30Z" duration-ms="70">
    <groups>
      <group name="sanity">
        <method signature="CardTest.TC01_CreditCardTest()[pri:0, instance:testng.CardTest@6631f5ca]" name="TC01_CreditCardTest" class="testng.CardTest"/>
      </group> <!-- sanity -->
    </groups>
    <test started-at="2024-09-19T11:41:30Z" name="Test" finished-at="2024-09-19T11:41:30Z" duration-ms="70">
      <class name="testng.CardTest">
        <test-method signature="TC01_CreditCardTest()[pri:0, instance:testng.CardTest@6631f5ca]" started-at="2024-09-19T11:41:30Z" name="TC01_CreditCardTest" finished-at="2024-09-19T11:41:30Z" duration-ms="24" status="PASS">
          <reporter-output>
          </reporter-output>
        </test-method> <!-- TC01_CreditCardTest -->
      </class> <!-- testng.CardTest -->
    </test> <!-- Test -->
  </suite> <!-- Suite -->
</testng-results>
